EEntrou nontro u nEno tryEntry

SATP
Stack Pointer
Setup
Entrou no Setup




Setup(si=0x0000000080005c08,sp=2147417495)
Setup:si={Boot_Map={n_cpus=1,mem_b=0x0000000080000000,mem_t=0x000000027fffffff,m
io_b=0x0000000000000000,mio_t=0x000000001fffffff,node_id=-1,space=(-1,-1,-1),uui
d=0x000000027ffefdc7,img_size=123040,setup_o=0,init_o=0x7700,system_o=0xce90,app
lication_o=0x1bc50,extras_o=0xffffffff}
Physical_Memory_Map={sys_info=0x0000000000000000,sys_pt=0x0000000000000000,sys_p
d=0x0000000000000000,phy_mem_pts=0x0000000000000000,io_pts=0x0000000000000000,us
r_mem_base=0x0000000000000000,usr_mem_top=0x0000000000000000,sys_code=0x00000000
00000000,sys_data=0x0000000000000000,sys_stack=0x0000000000000000,app_code=0x000
0000000000000,app_data=0x0000000000000000,app_extra=0x0000000000000000,free1_bas
e=0x0000000000000000,free1_top=0x0000000000000000,free2_base=0x0000000000000000,
free2_top=0x0000000000000000,free3_base=0x0000000000000000,free3_top=0x000000000
0000000}
Load_Map={has_stp=0,has_ini=0,has_sys=0,has_app=0,has_ext=0,stp_entry=0x00000000
00000000,stp_segments=0,stp_code={b=0x0000000000000000,s=0},stp_data={b=0x000000
0000000000,s=0},ini_entry=0x0000000000000000,ini_segments=0,ini_code={b=0x000000
0000000000,s=0},ini_data={b=0x0000000000000000,s=0},sys_entry=0x0000000000000000
,sys_segments=0,sys_code={b=0x0000000000000000,s=0},sys_data={b=0x00000000000000
00,s=0},sys_stack{b=0x0000000000000000,s=0},app_extra={b=0x0000000000000000,s=0}
}}
Setup::say_hi()
System_Info={Boot_Map={n_cpus=1,mem_b=0x0000000080000000,mem_t=0x000000027ffffff
f,mio_b=0x0000000000000000,mio_t=0x000000001fffffff,node_id=-1,space=(-1,-1,-1),
uuid=0x000000027ffefb87,img_size=123040,setup_o=0,init_o=0x7700,system_o=0xce90,
application_o=0x1bc50,extras_o=0xffffffff}
Physical_Memory_Map={sys_info=0x0000000000000000,sys_pt=0x0000000000000000,sys_p
d=0x0000000000000000,phy_mem_pts=0x0000000000000000,io_pts=0x0000000000000000,us
r_mem_base=0x0000000000000000,usr_mem_top=0x0000000000000000,sys_code=0x00000000
00000000,sys_data=0x0000000000000000,sys_stack=0x0000000000000000,app_code=0x000
0000000000000,app_data=0x0000000000000000,app_extra=0x0000000000000000,free1_bas
e=0x0000000000000000,free1_top=0x0000000000000000,free2_base=0x0000000000000000,
free2_top=0x0000000000000000,free3_base=0x0000000000000000,free3_top=0x000000000
0000000}
Load_Map={has_stp=0,has_ini=0,has_sys=0,has_app=0,has_ext=0,stp_entry=0x00000000
00000000,stp_segments=0,stp_code={b=0x0000000000000000,s=0},stp_data={b=0x000000
0000000000,s=0},ini_entry=0x0000000000000000,ini_segments=0,ini_code={b=0x000000
0000000000,s=0},ini_data={b=0x0000000000000000,s=0},sys_entry=0x0000000000000000
,sys_segments=0,sys_code={b=0x0000000000000000,s=0},sys_data={b=0x00000000000000
00,s=0},sys_stack{b=0x0000000000000000,s=0},app_extra={b=0x0000000000000000,s=0}
}}
This is EPOS!

Setting up this machine as follows: 
  Mode:         kernel
  Processor:    1 x RV64 at 50 MHz (BUS clock = 50 MHz)
  Machine:      SiFive-U
  Memory:       8192 MB [0x0000000080000000:0x000000027fffffff]
  User memory:  8191 MB [0x0000000080000000:0x000000027fffffff]
  I/O space:    512 MB [0x0000000000000000:0x000000001fffffff]
  Node Id:      will get from the network!
  Position:     will get from the network!

Total Pages: 2621440
Total Page Tables: 5120
LVL 2: 10
Master Base Address: 0x000000023fdef000
Page Table End Address0x0000000280000000
Page Directory End Address0x000000023fdfa000
Set SATP
Flush TLB
Setup::build_lm()
ELF = 127 E L F
E_IDENT = 127 69 76 70
Setup Offset! 0
Init Offset! 30464
System Offset! 52880
Application Offset! 113744
ELF = 127 E L F
E_IDENT = 127 69 76 70
ELF = 127 E L F
E_IDENT = 127 69 76 70
OS ELF image has an invalid segment!0
OS ELF image has an invalid segment!0
Segment!0
Segment!8448
Segment!0
ELF = 127 E L F
E_IDENT = 127 69 76 70
APP ELF image has an invalid segment!0
APP DATA!2151677952
APP Segment!2147483648
Entrou Code!
APP ELF image has an invalid segment!0
APP ELF image has no data segment!
load_parts
Setup_SifiveU::load_init()
Load Segment
Load Segment
Segment Valid
src
after memcpy
QEMU: Terminated
